2/10/18 12:54:17 PM - Exception caught: System.InvalidCastException: Unable to cast object of type 'Newtonsoft.Json.Linq.JObject' to type 'blogpost.BlogPost'.
   at blogpost.Program.Main(String[] args) in /home/akclark/Source/blogpost/Program.cs:line 47
2/10/18 12:54:21 PM - Exception caught: System.InvalidCastException: Unable to cast object of type 'Newtonsoft.Json.Linq.JObject' to type 'blogpost.BlogPost'.
   at blogpost.Program.Main(String[] args) in /home/akclark/Source/blogpost/Program.cs:line 47
2/10/18 12:54:25 PM - Exception caught: System.InvalidCastException: Unable to cast object of type 'Newtonsoft.Json.Linq.JObject' to type 'blogpost.BlogPost'.
   at blogpost.Program.Main(String[] args) in /home/akclark/Source/blogpost/Program.cs:line 47
2/10/18 12:55:08 PM - Exception caught: System.InvalidCastException: Unable to cast object of type 'Newtonsoft.Json.Linq.JObject' to type 'blogpost.BlogPost'.
   at blogpost.Program.Main(String[] args) in /home/akclark/Source/blogpost/Program.cs:line 47
2/10/18 1:00:23 PM - Exception caught: System.InvalidCastException: Unable to cast object of type 'Newtonsoft.Json.Linq.JObject' to type 'blogpost.BlogPost'.
   at blogpost.Program.Main(String[] args) in /home/akclark/Source/blogpost/Program.cs:line 47
2/10/18 1:02:41 PM - Exception caught: System.IO.FileNotFoundException: Could not find file '/var/www/www.cryptospace.com\blogpost.config.json'.
File name: '/var/www/www.cryptospace.com\blogpost.config.json'
   at Interop.ThrowExceptionForIoErrno(ErrorInfo errorInfo, String path, Boolean isDirectory, Func`2 errorRewriter)
   at Microsoft.Win32.SafeHandles.SafeFileHandle.Open(String path, OpenFlags flags, Int32 mode)
   at System.IO.FileStream..ctor(String path, FileMode mode, FileAccess access, FileShare share, Int32 bufferSize, FileOptions options)
   at System.IO.FileStream..ctor(String path, FileMode mode)
   at blogpost.Program.Main(String[] args) in /home/akclark/Source/blogpost/Program.cs:line 25
2/10/18 1:03:18 PM - Exception caught: System.InvalidCastException: Unable to cast object of type 'Newtonsoft.Json.Linq.JObject' to type 'blogpost.BlogPost'.
   at blogpost.Program.Main(String[] args) in /home/akclark/Source/blogpost/Program.cs:line 47
2/10/18 1:05:11 PM - Exception caught: System.InvalidCastException: Unable to cast object of type 'Newtonsoft.Json.Linq.JObject' to type 'blogpost.BlogPost'.
   at blogpost.Program.Main(String[] args) in /home/akclark/Source/blogpost/Program.cs:line 47
2/10/18 1:06:03 PM - Exception caught: System.InvalidCastException: Unable to cast object of type 'Newtonsoft.Json.Linq.JObject' to type 'blogpost.BlogPost'.
   at blogpost.Program.Main(String[] args) in /home/akclark/Source/blogpost/Program.cs:line 47
2/10/18 1:14:14 PM - Exception caught: System.InvalidCastException: Unable to cast object of type 'Newtonsoft.Json.Linq.JObject' to type 'blogpost.BlogPost'.
   at blogpost.Program.Main(String[] args) in /home/akclark/Source/blogpost/Program.cs:line 47
2/10/18 1:14:50 PM - Exception caught: System.InvalidCastException: Unable to cast object of type 'Newtonsoft.Json.Linq.JObject' to type 'blogpost.BlogPost'.
   at blogpost.Program.Main(String[] args) in /home/akclark/Source/blogpost/Program.cs:line 47
2/10/18 1:17:53 PM - Exception caught: System.InvalidCastException: Unable to cast object of type 'Newtonsoft.Json.Linq.JObject' to type 'blogpost.BlogPost'.
   at blogpost.Program.Main(String[] args) in /home/akclark/Source/blogpost/Program.cs:line 33
2/10/18 1:19:03 PM - Exception caught: System.InvalidCastException: Unable to cast object of type 'Newtonsoft.Json.Linq.JObject' to type 'blogpost.BlogPost'.
   at blogpost.Program.Main(String[] args) in /home/akclark/Source/blogpost/Program.cs:line 47
2/10/18 1:19:32 PM - Exception caught: System.InvalidCastException: Unable to cast object of type 'Newtonsoft.Json.Linq.JObject' to type 'blogpost.BlogPost'.
   at blogpost.Program.Main(String[] args) in /home/akclark/Source/blogpost/Program.cs:line 47
2/10/18 1:23:39 PM - Exception caught: System.InvalidCastException: Unable to cast object of type 'Newtonsoft.Json.Linq.JObject' to type 'blogpost.BlogPost'.
   at blogpost.Program.Main(String[] args) in /home/akclark/Source/blogpost/Program.cs:line 47
2/10/18 1:24:11 PM - Exception caught: System.InvalidCastException: Unable to cast object of type 'Newtonsoft.Json.Linq.JObject' to type 'BlogPost'.
   at blogpost.Program.Main(String[] args) in /home/akclark/Source/blogpost/Program.cs:line 47
2/10/18 1:25:17 PM - Exception caught: System.InvalidCastException: Unable to cast object of type 'Newtonsoft.Json.Linq.JObject' to type 'blogpost.BlogPost'.
   at blogpost.Program.Main(String[] args) in /home/akclark/Source/blogpost/Program.cs:line 47
2/10/18 1:41:57 PM - Exception caught: System.IO.FileNotFoundException: Could not find file '/home/akclark/Source/blogpost/blogpost.config.json'.
File name: '/home/akclark/Source/blogpost/blogpost.config.json'
   at Interop.ThrowExceptionForIoErrno(ErrorInfo errorInfo, String path, Boolean isDirectory, Func`2 errorRewriter)
   at Microsoft.Win32.SafeHandles.SafeFileHandle.Open(String path, OpenFlags flags, Int32 mode)
   at System.IO.FileStream..ctor(String path, FileMode mode, FileAccess access, FileShare share, Int32 bufferSize, FileOptions options)
   at System.IO.FileStream..ctor(String path, FileMode mode)
   at blogpost.Program.Main(String[] args) in /home/akclark/Source/blogpost/Program.cs:line 25
2/10/18 1:42:37 PM - Exception caught: System.InvalidCastException: Unable to cast object of type 'Newtonsoft.Json.Linq.JObject' to type 'blogpost.BlogPost'.
   at blogpost.Program.Main(String[] args) in /home/akclark/Source/blogpost/Program.cs:line 47
